<?xml version="1.0" encoding="UTF-8"?>
<testsuite name="PathBuilderTest" tests="3" skipped="0" failures="0" errors="0" timestamp="2021-05-02T14:14:28" hostname="Rna.local" time="0.002">
  <properties/>
  <testcase name="testTangentReversal[js, browser, ChromeHeadless90.0.4430.93, MacOS10.15.7]" classname="PathBuilderTest" time="0.001"/>
  <testcase name="testImproperHeadingInterpSeq[js, browser, ChromeHeadless90.0.4430.93, MacOS10.15.7]" classname="PathBuilderTest" time="0.0"/>
  <testcase name="testNoContinuityException[js, browser, ChromeHeadless90.0.4430.93, MacOS10.15.7]" classname="PathBuilderTest" time="0.001"/>
  <system-out><![CDATA[]]></system-out>
  <system-err><![CDATA[]]></system-err>
</testsuite>
