<?xml version="1.0" encoding="UTF-8"?>
<testsuite name="PathTest" tests="1" skipped="0" failures="0" errors="0" timestamp="2021-05-02T14:14:28" hostname="Rna.local" time="0.0">
  <properties/>
  <testcase name="testPathDerivatives[js, browser, ChromeHeadless90.0.4430.93, MacOS10.15.7]" classname="PathTest" time="0.0"/>
  <system-out><![CDATA[]]></system-out>
  <system-err><![CDATA[]]></system-err>
</testsuite>
