<?xml version="1.0" encoding="UTF-8"?>
<testsuite name="DoubleProgressionTest" tests="6" skipped="0" failures="0" errors="0" timestamp="2021-05-02T14:14:28" hostname="Rna.local" time="0.006">
  <properties/>
  <testcase name="testNormalSplit[js, browser, ChromeHeadless90.0.4430.93, MacOS10.15.7]" classname="DoubleProgressionTest" time="0.002"/>
  <testcase name="testLowSplit[js, browser, ChromeHeadless90.0.4430.93, MacOS10.15.7]" classname="DoubleProgressionTest" time="0.001"/>
  <testcase name="testHighSplit[js, browser, ChromeHeadless90.0.4430.93, MacOS10.15.7]" classname="DoubleProgressionTest" time="0.001"/>
  <testcase name="testIndexing[js, browser, ChromeHeadless90.0.4430.93, MacOS10.15.7]" classname="DoubleProgressionTest" time="0.0"/>
  <testcase name="testIterator[js, browser, ChromeHeadless90.0.4430.93, MacOS10.15.7]" classname="DoubleProgressionTest" time="0.0"/>
  <testcase name="testClosedIntervalConstruction[js, browser, ChromeHeadless90.0.4430.93, MacOS10.15.7]" classname="DoubleProgressionTest" time="0.0"/>
  <system-out><![CDATA[]]></system-out>
  <system-err><![CDATA[]]></system-err>
</testsuite>
